mode: set
ev-provider-service/controller/charger/charger_controller.go:19.64,21.2 1 1
ev-provider-service/controller/charger/charger_controller.go:23.64,25.2 1 0
ev-provider-service/controller/charger/charger_controller.go:27.74,29.2 1 1
ev-provider-service/controller/charger/charger_controller.go:31.59,33.2 1 1
ev-provider-service/controller/charger/charger_controller.go:39.29,41.2 1 1
ev-provider-service/controller/rates/rates_controller.go:18.60,20.2 1 1
ev-provider-service/controller/rates/rates_controller.go:22.88,24.2 1 1
ev-provider-service/controller/rates/rates_controller.go:26.60,28.2 1 1
ev-provider-service/controller/rates/rates_controller.go:30.63,32.2 1 0
ev-provider-service/controller/rates/rates_controller.go:38.26,40.2 1 1
ev-provider-service/controller/provider/provider_controller.go:20.96,21.47 1 1
ev-provider-service/controller/provider/provider_controller.go:21.47,23.3 1 0
ev-provider-service/controller/provider/provider_controller.go:24.2,24.45 1 1
ev-provider-service/controller/provider/provider_controller.go:27.86,29.2 1 1
ev-provider-service/controller/provider/provider_controller.go:31.71,33.2 1 1
ev-provider-service/controller/provider/provider_controller.go:35.77,37.2 1 0
ev-provider-service/controller/provider/provider_controller.go:43.30,45.2 1 1
